<?xml version="1.0" encoding="UTF-8"?>
<!-- Generated by org.testng.reporters.JUnitReportReporter -->
<testsuite hostname="Shame-PC" name="com.icscloud.tests.verifyLogin" tests="1" failures="0" timestamp="15 Nov 2016 08:30:56 GMT" time="58.673" errors="0">
  <testcase name="testDemoValidLogin" time="58.673" classname="com.icscloud.tests.verifyLogin"/>
</testsuite> <!-- com.icscloud.tests.verifyLogin -->
