<?xml version="1.0" encoding="UTF-8"?>
<!-- Generated by org.testng.reporters.JUnitReportReporter -->
<testsuite hostname="Shame-PC" name="com.icscloud.tests.verifyLogin" tests="2" failures="0" timestamp="9 Nov 2016 08:39:17 GMT" time="56.878" errors="0">
  <testcase name="testDemoValidLogin" time="24.566" classname="com.icscloud.tests.verifyLogin"/>
  <testcase name="testValidLogin" time="32.312" classname="com.icscloud.tests.verifyLogin"/>
</testsuite> <!-- com.icscloud.tests.verifyLogin -->
